<?xml version="1.0" encoding="UTF-8"?>
<!-- Generated by org.testng.reporters.JUnitReportReporter -->
<testsuite hostname="DESKTOP-IQI23T9" failures="0" tests="1" name="driverFactory.DriverScript" time="14.991" errors="0" timestamp="2022-12-31T22:35:49 IST" skipped="0">
  <testcase classname="driverFactory.DriverScript" name="startTest" time="14.991"/>
  <system-out>
    <![CDATA[No of rows in a sheet ::10
Login Success ::dashboard http://orangehrm.qedgetech.com/symfony/web/index.php/dashboard
Invalid credentials http://orangehrm.qedgetech.com/symfony/web/index.php/auth/validateCredentials dashboard
Invalid credentials http://orangehrm.qedgetech.com/symfony/web/index.php/auth/validateCredentials dashboard
Username cannot be empty http://orangehrm.qedgetech.com/symfony/web/index.php/auth/login dashboard
Login Success ::dashboard http://orangehrm.qedgetech.com/symfony/web/index.php/dashboard
Password cannot be empty http://orangehrm.qedgetech.com/symfony/web/index.php/auth/login dashboard
Login Success ::dashboard http://orangehrm.qedgetech.com/symfony/web/index.php/dashboard
Username cannot be empty http://orangehrm.qedgetech.com/symfony/web/index.php/auth/login dashboard
Invalid credentials http://orangehrm.qedgetech.com/symfony/web/index.php/auth/validateCredentials dashboard
Login Success ::dashboard http://orangehrm.qedgetech.com/symfony/web/index.php/dashboard]]>
  </system-out>
</testsuite> <!-- driverFactory.DriverScript -->
