<?xml version="1.0" encoding="UTF-8"?>
<!-- Generated by org.testng.reporters.JUnitReportReporter -->
<testsuite hostname="DESKTOP-IQI23T9" failures="0" tests="1" name="driverFactory.DriverScriptPOM" time="28.566" errors="0" timestamp="2022-12-31T23:46:08 IST" skipped="0">
  <testcase classname="driverFactory.DriverScriptPOM" name="startTest" time="28.566"/>
  <system-out>
    <![CDATA[No of rows are::11
Add Emp Success::7800     7800
Add Emp Success::7801     7801
Add Emp Success::7802     7802
Add Emp Success::7803     7803
Add Emp Success::7804     7804
Add Emp Success::7805     7805
Add Emp Success::7806     7806
Add Emp Success::7807     7807
Add Emp Success::7808     7808
Add Emp Success::7809     7809
Add Emp Success::7810     7810]]>
  </system-out>
</testsuite> <!-- driverFactory.DriverScriptPOM -->
